<?xml version="1.0" encoding="UTF-8"?>
<testng-results ignored="0" total="3" passed="3" failed="0" skipped="0">
  <reporter-output>
  </reporter-output>
  <suite started-at="2021-04-21T16:31:58Z" name="All Test Suite" finished-at="2021-04-21T16:33:55Z" duration-ms="117485">
    <groups>
    </groups>
    <test started-at="2021-04-21T16:31:58Z" name="C:/Users/shaikm/IdeaProjects/WeatherDemo" finished-at="2021-04-21T16:33:55Z" duration-ms="117485">
      <class name="mansoorshaikh.com.WeatherInfoTest">
        <test-method signature="validateCityPin()[pri:0, instance:mansoorshaikh.com.WeatherInfoTest@1ff4931d]" started-at="2021-04-21T16:31:58Z" name="validateCityPin" finished-at="2021-04-21T16:32:44Z" duration-ms="46299" status="PASS">
          <reporter-output>
          </reporter-output>
        </test-method> <!-- validateCityPin -->
        <test-method signature="validateCityOnMap()[pri:0, instance:mansoorshaikh.com.WeatherInfoTest@1ff4931d]" started-at="2021-04-21T16:32:44Z" name="validateCityOnMap" finished-at="2021-04-21T16:33:18Z" duration-ms="33899" status="PASS">
          <reporter-output>
          </reporter-output>
        </test-method> <!-- validateCityOnMap -->
        <test-method signature="compareWeatherInfo()[pri:0, instance:mansoorshaikh.com.WeatherInfoTest@1ff4931d]" started-at="2021-04-21T16:33:18Z" name="compareWeatherInfo" finished-at="2021-04-21T16:33:55Z" duration-ms="37268" status="PASS">
          <reporter-output>
          </reporter-output>
        </test-method> <!-- compareWeatherInfo -->
      </class> <!-- mansoorshaikh.com.WeatherInfoTest -->
    </test> <!-- C:/Users/shaikm/IdeaProjects/WeatherDemo -->
  </suite> <!-- All Test Suite -->
</testng-results>
