<?xml version="1.0" encoding="UTF-8"?>
<testsuite xmlns:xsi="http://www.w3.org/2001/XMLSchema-instance" xsi:noNamespaceSchemaLocation="https://maven.apache.org/surefire/maven-surefire-plugin/xsd/surefire-test-report.xsd" name="TestSuite" time="118.092" tests="3" errors="0" skipped="0" failures="0">
  <properties>
[...]
</properties>
  <testcase name="validateCityPin" classname="mansoorshaikh.com.WeatherInfoTest" time="46.303"/>
  <testcase name="validateCityOnMap" classname="mansoorshaikh.com.WeatherInfoTest" time="33.895"/>
  <testcase name="compareWeatherInfo" classname="mansoorshaikh.com.WeatherInfoTest" time="37.269"/>
</testsuite>